<?xml version="1.0" encoding="UTF-8"?>
<!-- Generated by org.testng.reporters.JUnitXMLReporter -->
<testsuite hostname="LAPTOP-737HRKK6" ignored="0" name="Class" tests="1" failures="0" timestamp="07 Aug 2020 08:15:38 GMT" time="0.726" errors="0">
  <testcase name="@BeforeMethod beforeMethod" time="0.36" classname="com.qa.tests.ProductTest">
    <failure type="java.lang.IllegalArgumentException" message="Can not set io.appium.java_client.MobileElement field com.qa.pages.SignInPage.skipSignInBtn to org.openqa.selenium.remote.RemoteWebElement$$EnhancerByCGLIB$$d27c0df4">
      <![CDATA[java.lang.IllegalArgumentException: Can not set io.appium.java_client.MobileElement field com.qa.pages.SignInPage.skipSignInBtn to org.openqa.selenium.remote.RemoteWebElement$$EnhancerByCGLIB$$d27c0df4
	at org.openqa.selenium.support.PageFactory.proxyFields(PageFactory.java:117)
	at org.openqa.selenium.support.PageFactory.initElements(PageFactory.java:105)
	at com.qa.pages.SignInPage.<init>(SignInPage.java:15)
	at com.qa.tests.ProductTest.beforeMethod(ProductTest.java:63)
... Removed 31 stack frames]]>
    </failure>
  </testcase> <!-- @BeforeMethod beforeMethod -->
  <testcase name="@AfterClass afterClass" time="0.0" classname="com.qa.tests.ProductTest">
    <skipped/>
  </testcase> <!-- @AfterClass afterClass -->
  <testcase name="testValidateProductDetails" time="0.001" classname="com.qa.tests.ProductTest">
    <skipped/>
  </testcase> <!-- testValidateProductDetails -->
</testsuite> <!-- Class -->
